<?xml version="1.0" encoding="UTF-8"?>
<!-- Generated by org.testng.reporters.JUnitXMLReporter -->
<testsuite ignored="0" hostname="Nikku" failures="1" tests="1" name="AllProductsTestcase" time="43.863" errors="0" timestamp="2024-06-30T14:36:48 IST">
  <testcase classname="com.qa.veeva.coreproducttests.AllProductsTestcase" name="getAllGivenProductCount" time="37.942">
    <failure type="java.lang.NullPointerException">
      <![CDATA[java.lang.NullPointerException
at com.qa.veeva.coreproducttests.AllProductsTestcase.getAllGivenProductCount(AllProductsTestcase.java:25)
at java.base/java.util.ArrayList.forEach(ArrayList.java:1541)
at java.base/java.util.concurrent.FutureTask.run(FutureTask.java:264)
at java.base/java.util.concurrent.ThreadPoolExecutor.runWorker(ThreadPoolExecutor.java:1128)
at java.base/java.util.concurrent.ThreadPoolExecutor$Worker.run(ThreadPoolExecutor.java:628)
at java.base/java.lang.Thread.run(Thread.java:834)
... Removed 17 stack frames]]>
    </failure>
  </testcase> <!-- getAllGivenProductCount -->
</testsuite> <!-- AllProductsTestcase -->
