<?xml version="1.0" encoding="UTF-8"?>
<!-- Generated by org.testng.reporters.JUnitXMLReporter -->
<testsuite ignored="0" hostname="Nikku" failures="1" tests="1" name="Test" time="5.412" errors="0" timestamp="2024-06-29T16:35:23 IST">
  <testcase classname="com.qa.veeva.coreproducttests.AllProductsTestcase" name="getAllGivenProductCount" time="0.07">
    <failure type="java.lang.NullPointerException">
      <![CDATA[java.lang.NullPointerException
at com.qa.veeva.coreproducttests.AllProductsTestcase.getAllGivenProductCount(AllProductsTestcase.java:15)
at java.base/java.util.ArrayList.forEach(ArrayList.java:1541)
... Removed 27 stack frames]]>
    </failure>
  </testcase> <!-- getAllGivenProductCount -->
</testsuite> <!-- Test -->
