<?xml version="1.0" encoding="UTF-8"?>
<testng-results ignored="0" total="2" passed="2" failed="0" skipped="0">
  <reporter-output>
  </reporter-output>
  <suite started-at="2024-06-30T11:02:19Z" name="Suite" finished-at="2024-06-30T11:03:20Z" duration-ms="61728">
    <groups>
    </groups>
    <test started-at="2024-06-30T11:02:19Z" name="CountsVideosFeedTest" finished-at="2024-06-30T11:02:44Z" duration-ms="25423">
      <class name="com.qa.veeva.coreproducttests.CountsVideosFeedTest">
        <test-method is-config="true" signature="setup(java.lang.String)[pri:0, instance:com.qa.veeva.coreproducttests.CountsVideosFeedTest@4db60246]" started-at="2024-06-30T11:02:19Z" name="setup" finished-at="2024-06-30T11:02:26Z" duration-ms="7739" status="PASS">
          <params>
            <param index="0">
              <value>
                <![CDATA[edge]]>
              </value>
            </param>
          </params>
          <reporter-output>
          </reporter-output>
        </test-method> <!-- setup -->
        <test-method signature="testVideoFeedPage(java.lang.String, java.lang.String, int)[pri:0, instance:com.qa.veeva.coreproducttests.CountsVideosFeedTest@4db60246]" started-at="2024-06-30T11:02:26Z" name="testVideoFeedPage" data-provider="videoFeedDataProvider" finished-at="2024-06-30T11:02:42Z" duration-ms="15646" status="PASS">
          <params>
            <param index="0">
              <value>
                <![CDATA[...]]>
              </value>
            </param>
            <param index="1">
              <value>
                <![CDATA[News & Features]]>
              </value>
            </param>
            <param index="2">
              <value>
                <![CDATA[22]]>
              </value>
            </param>
          </params>
          <reporter-output>
          </reporter-output>
        </test-method> <!-- testVideoFeedPage -->
        <test-method is-config="true" signature="tearDown()[pri:0, instance:com.qa.veeva.coreproducttests.CountsVideosFeedTest@4db60246]" started-at="2024-06-30T11:02:42Z" name="tearDown" finished-at="2024-06-30T11:02:44Z" duration-ms="1605" status="PASS">
          <reporter-output>
          </reporter-output>
        </test-method> <!-- tearDown -->
      </class> <!-- com.qa.veeva.coreproducttests.CountsVideosFeedTest -->
    </test> <!-- CountsVideosFeedTest -->
    <test started-at="2024-06-30T11:02:19Z" name="AllProductsTestcase" finished-at="2024-06-30T11:03:20Z" duration-ms="61728">
      <class name="com.qa.veeva.coreproducttests.AllProductsTestcase">
        <test-method is-config="true" signature="setup(java.lang.String)[pri:0, instance:com.qa.veeva.coreproducttests.AllProductsTestcase@6f8aba08]" started-at="2024-06-30T11:02:19Z" name="setup" finished-at="2024-06-30T11:02:27Z" duration-ms="8008" status="PASS">
          <params>
            <param index="0">
              <value>
                <![CDATA[chrome]]>
              </value>
            </param>
          </params>
          <reporter-output>
          </reporter-output>
        </test-method> <!-- setup -->
        <test-method signature="testProductDetails(java.lang.String, java.lang.String, java.lang.String)[pri:0, instance:com.qa.veeva.coreproducttests.AllProductsTestcase@6f8aba08]" started-at="2024-06-30T11:02:27Z" name="testProductDetails" data-provider="shopDataProvider" finished-at="2024-06-30T11:03:20Z" duration-ms="53083" status="PASS">
          <params>
            <param index="0">
              <value>
                <![CDATA[Shop]]>
              </value>
            </param>
            <param index="1">
              <value>
                <![CDATA[Men]]>
              </value>
            </param>
            <param index="2">
              <value>
                <![CDATA[Jackets]]>
              </value>
            </param>
          </params>
          <reporter-output>
          </reporter-output>
        </test-method> <!-- testProductDetails -->
        <test-method is-config="true" signature="tearDown()[pri:0, instance:com.qa.veeva.coreproducttests.AllProductsTestcase@6f8aba08]" started-at="2024-06-30T11:03:20Z" name="tearDown" finished-at="2024-06-30T11:03:20Z" duration-ms="611" status="PASS">
          <reporter-output>
          </reporter-output>
        </test-method> <!-- tearDown -->
      </class> <!-- com.qa.veeva.coreproducttests.AllProductsTestcase -->
    </test> <!-- AllProductsTestcase -->
  </suite> <!-- Suite -->
</testng-results>
